[    0.000000] Linux version 4.15.0-99-generic (buildd@lcy01-amd64-013) (gcc version 7.5.0 (Ubuntu 7.5.0-3ubuntu1~18.04)) #100-Ubuntu SMP Wed Apr 22 20:32:56 UTC 2020 (Ubuntu 4.15.0-99.100-generic 4.15.18)
[    0.000000] Command line: BOOT_IMAGE=/boot/vmlinuz-4.15.0-99-generic root=LABEL=cloudimg-rootfs ro console=tty1 console=ttyS0
[    0.000000] KERNEL supported cpus:
[    0.000000]   Intel GenuineIntel
[    0.000000]   AMD AuthenticAMD
[    0.000000]   Centaur CentaurHauls
[    0.000000] x86/fpu: Supporting XSAVE feature 0x001: 'x87 floating point registers'
[    0.000000] x86/fpu: Supporting XSAVE feature 0x002: 'SSE registers'
[    0.000000] x86/fpu: Supporting XSAVE feature 0x004: 'AVX registers'
[    0.000000] x86/fpu: xstate_offset[2]:  576, xstate_sizes[2]:  256
[    0.000000] x86/fpu: Enabled xstate features 0x7, context size is 832 bytes, using 'standard' format.
[    0.000000] e820: BIOS-provided physical RAM map:
[    0.000000] BIOS-e820: [mem 0x0000000000000000-0x000000000009fbff] usable
[    0.000000] BIOS-e820: [mem 0x000000000009fc00-0x000000000009ffff] reserved
[    0.000000] BIOS-e820: [mem 0x00000000000f0000-0x00000000000fffff] reserved
[    0.000000] BIOS-e820: [mem 0x0000000000100000-0x0000000031deffff] usable
[    0.000000] BIOS-e820: [mem 0x0000000031df0000-0x0000000031dfffff] ACPI data
[    0.000000] BIOS-e820: [mem 0x00000000fec00000-0x00000000fec00fff] reserved
[    0.000000] BIOS-e820: [mem 0x00000000fee00000-0x00000000fee00fff] reserved
[    0.000000] BIOS-e820: [mem 0x00000000fffc0000-0x00000000ffffffff] reserved
[    0.000000] NX (Execute Disable) protection: active
[    0.000000] SMBIOS 2.5 present.
[    0.000000] DMI: innotek GmbH VirtualBox/VirtualBox, BIOS VirtualBox 12/01/2006
[    0.000000] Hypervisor detected: KVM
[    0.000000] e820: last_pfn = 0x31df0 max_arch_pfn = 0x400000000
[    0.000000] MTRR: Disabled
[    0.000000] x86/PAT: MTRRs disabled, skipping PAT initialization too.
[    0.000000] CPU MTRRs all blank - virtualized system.
[    0.000000] x86/PAT: Configuration [0-7]: WB  WT  UC- UC  WB  WT  UC- UC  
[    0.000000] found SMP MP-table at [mem 0x0009fff0-0x0009ffff]
[    0.000000] Scanning 1 areas for low memory corruption
[    0.000000] RAMDISK: [mem 0x2f94f000-0x30c10fff]
[    0.000000] ACPI: Early table checksum verification disabled
[    0.000000] ACPI: RSDP 0x00000000000E0000 000024 (v02 VBOX  )
[    0.000000] ACPI: XSDT 0x0000000031DF0030 00003C (v01 VBOX   VBOXXSDT 00000001 ASL  00000061)
[    0.000000] ACPI: FACP 0x0000000031DF00F0 0000F4 (v04 VBOX   VBOXFACP 00000001 ASL  00000061)
[    0.000000] ACPI: DSDT 0x0000000031DF0470 002325 (v02 VBOX   VBOXBIOS 00000002 INTL 20180105)
[    0.000000] ACPI: FACS 0x0000000031DF0200 000040
[    0.000000] ACPI: FACS 0x0000000031DF0200 000040
[    0.000000] ACPI: APIC 0x0000000031DF0240 000054 (v02 VBOX   VBOXAPIC 00000001 ASL  00000061)
[    0.000000] ACPI: SSDT 0x0000000031DF02A0 0001CC (v01 VBOX   VBOXCPUT 00000002 INTL 20180105)
[    0.000000] No NUMA configuration found
[    0.000000] Faking a node at [mem 0x0000000000000000-0x0000000031deffff]
[    0.000000] NODE_DATA(0) allocated [mem 0x31dc5000-0x31deffff]
[    0.000000] kvm-clock: cpu 0, msr 0:31d44001, primary cpu clock
[    0.000000] kvm-clock: Using msrs 4b564d01 and 4b564d00
[    0.000000] kvm-clock: using sched offset of 6757226237 cycles
[    0.000000] clocksource: kvm-clock: mask: 0xffffffffffffffff max_cycles: 0x1cd42e4dffb, max_idle_ns: 881590591483 ns
[    0.000000] Zone ranges:
[    0.000000]   DMA      [mem 0x0000000000001000-0x0000000000ffffff]
[    0.000000]   DMA32    [mem 0x0000000001000000-0x0000000031deffff]
[    0.000000]   Normal   empty
[    0.000000]   Device   empty
[    0.000000] Movable zone start for each node
[    0.000000] Early memory node ranges
[    0.000000]   node   0: [mem 0x0000000000001000-0x000000000009efff]
[    0.000000]   node   0: [mem 0x0000000000100000-0x0000000031deffff]
[    0.000000] Reserved but unavailable: 98 pages
[    0.000000] Initmem setup node 0 [mem 0x0000000000001000-0x0000000031deffff]
[    0.000000] ACPI: PM-Timer IO Port: 0x4008
[    0.000000] IOAPIC[0]: apic_id 1, version 32, address 0xfec00000, GSI 0-23
[    0.000000] ACPI: INT_SRC_OVR (bus 0 bus_irq 0 global_irq 2 dfl dfl)
[    0.000000] ACPI: INT_SRC_OVR (bus 0 bus_irq 9 global_irq 9 low level)
[    0.000000] Using ACPI (MADT) for SMP configuration information
[    0.000000] smpboot: Allowing 1 CPUs, 0 hotplug CPUs
[    0.000000] PM: Registered nosave memory: [mem 0x00000000-0x00000fff]
[    0.000000] PM: Registered nosave memory: [mem 0x0009f000-0x0009ffff]
[    0.000000] PM: Registered nosave memory: [mem 0x000a0000-0x000effff]
[    0.000000] PM: Registered nosave memory: [mem 0x000f0000-0x000fffff]
[    0.000000] e820: [mem 0x31e00000-0xfebfffff] available for PCI devices
[    0.000000] Booting paravirtualized kernel on KVM
[    0.000000] clocksource: refined-jiffies: mask: 0xffffffff max_cycles: 0xffffffff, max_idle_ns: 7645519600211568 ns
[    0.000000] random: get_random_bytes called from start_kernel+0x99/0x4fd with crng_init=0
[    0.000000] setup_percpu: NR_CPUS:8192 nr_cpumask_bits:1 nr_cpu_ids:1 nr_node_ids:1
[    0.000000] percpu: Embedded 45 pages/cpu s147456 r8192 d28672 u2097152
[    0.000000] PV qspinlock hash table entries: 256 (order: 0, 4096 bytes)
[    0.000000] Built 1 zonelists, mobility grouping on.  Total pages: 200961
[    0.000000] Policy zone: DMA32
[    0.000000] Kernel command line: BOOT_IMAGE=/boot/vmlinuz-4.15.0-99-generic root=LABEL=cloudimg-rootfs ro console=tty1 console=ttyS0
[    0.000000] Memory: 753864K/816696K available (12300K kernel code, 2481K rwdata, 4268K rodata, 2432K init, 2712K bss, 62832K reserved, 0K cma-reserved)
[    0.000000] SLUB: HWalign=64, Order=0-3, MinObjects=0, CPUs=1, Nodes=1
[    0.000000] Kernel/User page tables isolation: enabled
[    0.000000] ftrace: allocating 39364 entries in 154 pages
[    0.004000] Hierarchical RCU implementation.
[    0.004000] 	RCU restricting CPUs from NR_CPUS=8192 to nr_cpu_ids=1.
[    0.004000] 	Tasks RCU enabled.
[    0.004000] RCU: Adjusting geometry for rcu_fanout_leaf=16, nr_cpu_ids=1
[    0.004000] NR_IRQS: 524544, nr_irqs: 256, preallocated irqs: 16
[    0.004000] Console: colour VGA+ 80x25
[    0.004000] console [tty1] enabled
[    0.004000] console [ttyS0] enabled
[    0.004000] ACPI: Core revision 20170831
[    0.004000] ACPI: 2 ACPI AML tables successfully acquired and loaded
[    0.004000] APIC: Switch to symmetric I/O mode setup
[    0.005977] x2apic enabled
[    0.008022] Switched APIC routing to physical x2apic.
[    0.016000] ..TIMER: vector=0x30 apic1=0 pin1=2 apic2=-1 pin2=-1
[    0.016005] tsc: Detected 2400.000 MHz processor
[    0.020009] Calibrating delay loop (skipped) preset value.. 4800.00 BogoMIPS (lpj=9600000)
[    0.024006] pid_max: default: 32768 minimum: 301
[    0.028034] Security Framework initialized
[    0.032006] Yama: becoming mindful.
[    0.036027] AppArmor: AppArmor initialized
[    0.040115] Dentry cache hash table entries: 131072 (order: 8, 1048576 bytes)
[    0.044060] Inode-cache hash table entries: 65536 (order: 7, 524288 bytes)
[    0.048025] Mount-cache hash table entries: 2048 (order: 2, 16384 bytes)
[    0.052013] Mountpoint-cache hash table entries: 2048 (order: 2, 16384 bytes)
[    0.057285] Last level iTLB entries: 4KB 64, 2MB 8, 4MB 8
[    0.060005] Last level dTLB entries: 4KB 64, 2MB 0, 4MB 0, 1GB 4
[    0.064020] Spectre V1 : Mitigation: usercopy/swapgs barriers and __user pointer sanitization
[    0.068008] Spectre V2 : Mitigation: Full generic retpoline
[    0.072004] Spectre V2 : Spectre v2 / SpectreRSB mitigation: Filling RSB on context switch
[    0.076004] Speculative Store Bypass: Vulnerable
[    0.080038] MDS: Mitigation: Clear CPU buffers
[    0.088000] Freeing SMP alternatives memory: 36K
[    0.200005] APIC calibration not consistent with PM-Timer: 106ms instead of 100ms
[    0.204000] APIC delta adjusted to PM-Timer: 6367066 (6750385)
[    0.204372] smpboot: CPU0: Intel(R) Core(TM) i5-9300H CPU @ 2.40GHz (family: 0x6, model: 0x9e, stepping: 0xa)
[    0.208066] Performance Events: unsupported p6 CPU model 158 no PMU driver, software events only.
[    0.212065] Hierarchical SRCU implementation.
[    0.216525] NMI watchdog: Perf event create on CPU 0 failed with -2
[    0.220004] NMI watchdog: Perf NMI watchdog permanently disabled
[    0.224052] smp: Bringing up secondary CPUs ...
[    0.228007] smp: Brought up 1 node, 1 CPU
[    0.232033] smpboot: Max logical packages: 1
[    0.236006] smpboot: Total of 1 processors activated (4800.00 BogoMIPS)
[    0.240115] devtmpfs: initialized
[    0.244063] x86/mm: Memory block size: 128MB
[    0.248149] evm: security.selinux
[    0.252009] evm: security.SMACK64
[    0.256004] evm: security.SMACK64EXEC
[    0.260005] evm: security.SMACK64TRANSMUTE
[    0.264005] evm: security.SMACK64MMAP
[    0.268003] evm: security.apparmor
[    0.272018] evm: security.ima
[    0.276004] evm: security.capability
[    0.280116] clocksource: jiffies: mask: 0xffffffff max_cycles: 0xffffffff, max_idle_ns: 7645041785100000 ns
[    0.284018] futex hash table entries: 256 (order: 2, 16384 bytes)
[    0.288053] pinctrl core: initialized pinctrl subsystem
[    0.296464] RTC time:  0:18:16, date: 05/18/20
[    0.300110] NET: Registered protocol family 16
[    0.304097] audit: initializing netlink subsys (disabled)
[    0.308133] cpuidle: using governor ladder
[    0.312010] audit: type=2000 audit(1589761103.647:1): state=initialized audit_enabled=0 res=1
[    0.316014] cpuidle: using governor menu
[    0.320053] ACPI: bus type PCI registered
[    0.324004] acpiphp: ACPI Hot Plug PCI Controller Driver version: 0.5
[    0.332234] PCI: Using configuration type 1 for base access
[    0.337023] HugeTLB registered 2.00 MiB page size, pre-allocated 0 pages
[    0.340729] ACPI: Added _OSI(Module Device)
[    0.344022] ACPI: Added _OSI(Processor Device)
[    0.348007] ACPI: Added _OSI(3.0 _SCP Extensions)
[    0.352009] ACPI: Added _OSI(Processor Aggregator Device)
[    0.356018] ACPI: Added _OSI(Linux-Dell-Video)
[    0.360037] ACPI: Added _OSI(Linux-Lenovo-NV-HDMI-Audio)
[    0.364009] ACPI: Added _OSI(Linux-HPI-Hybrid-Graphics)
[    0.373336] ACPI: Executed 1 blocks of module-level executable AML code
[    0.382267] ACPI: Interpreter enabled
[    0.384018] ACPI: (supports S0 S5)
[    0.388006] ACPI: Using IOAPIC for interrupt routing
[    0.392410] PCI: Using host bridge windows from ACPI; if necessary, use "pci=nocrs" and report a bug
[    0.396566] ACPI: Enabled 2 GPEs in block 00 to 07
[    0.419180] ACPI: PCI Root Bridge [PCI0] (domain 0000 [bus 00-ff])
[    0.420014] acpi PNP0A03:00: _OSC: OS supports [ASPM ClockPM Segments MSI]
[    0.425122] acpi PNP0A03:00: _OSC: not requesting OS control; OS requires [ExtendedConfig ASPM ClockPM MSI]
[    0.428027] acpi PNP0A03:00: fail to add MMCONFIG information, can't access extended PCI configuration space under this bridge.
[    0.437605] PCI host bridge to bus 0000:00
[    0.440008] pci_bus 0000:00: root bus resource [io  0x0000-0x0cf7 window]
[    0.444011] pci_bus 0000:00: root bus resource [io  0x0d00-0xffff window]
[    0.448008] pci_bus 0000:00: root bus resource [mem 0x000a0000-0x000bffff window]
[    0.452008] pci_bus 0000:00: root bus resource [mem 0x31e00000-0xfdffffff window]
[    0.456011] pci_bus 0000:00: root bus resource [bus 00-ff]
[    0.480925] pci 0000:00:01.1: legacy IDE quirk: reg 0x10: [io  0x01f0-0x01f7]
[    0.484011] pci 0000:00:01.1: legacy IDE quirk: reg 0x14: [io  0x03f6]
[    0.488008] pci 0000:00:01.1: legacy IDE quirk: reg 0x18: [io  0x0170-0x0177]
[    0.492008] pci 0000:00:01.1: legacy IDE quirk: reg 0x1c: [io  0x0376]
[    0.624692] pci 0000:00:07.0: quirk: [io  0x4000-0x403f] claimed by PIIX4 ACPI
[    0.632005] pci 0000:00:07.0: quirk: [io  0x4100-0x410f] claimed by PIIX4 SMB
[    0.716135] ACPI: PCI Interrupt Link [LNKA] (IRQs 5 9 10 *11)
[    0.724018] ACPI: PCI Interrupt Link [LNKB] (IRQs 5 9 *10 11)
[    0.728347] ACPI: PCI Interrupt Link [LNKC] (IRQs 5 *9 10 11)
[    0.736261] ACPI: PCI Interrupt Link [LNKD] (IRQs 5 9 10 *11)
[    0.746315] SCSI subsystem initialized
[    0.749111] pci 0000:00:02.0: vgaarb: setting as boot VGA device
[    0.752000] pci 0000:00:02.0: vgaarb: VGA device added: decodes=io+mem,owns=io+mem,locks=none
[    0.752010] pci 0000:00:02.0: vgaarb: bridge control possible
[    0.756007] vgaarb: loaded
[    0.760154] ACPI: bus type USB registered
[    0.764122] usbcore: registered new interface driver usbfs
[    0.768031] usbcore: registered new interface driver hub
[    0.772030] usbcore: registered new device driver usb
[    0.776188] EDAC MC: Ver: 3.0.0
[    0.781631] PCI: Using ACPI for IRQ routing
[    0.789509] NetLabel: Initializing
[    0.792006] NetLabel:  domain hash size = 128
[    0.796006] NetLabel:  protocols = UNLABELED CIPSOv4 CALIPSO
[    0.800095] NetLabel:  unlabeled traffic allowed by default
[    0.804647] clocksource: Switched to clocksource kvm-clock
[    0.828595] VFS: Disk quotas dquot_6.6.0
[    0.837101] VFS: Dquot-cache hash table entries: 512 (order 0, 4096 bytes)
[    0.849713] AppArmor: AppArmor Filesystem Enabled
[    0.859075] pnp: PnP ACPI init
[    0.873613] pnp: PnP ACPI: found 3 devices
[    0.888012] clocksource: acpi_pm: mask: 0xffffff max_cycles: 0xffffff, max_idle_ns: 2085701024 ns
[    0.900491] NET: Registered protocol family 2
[    0.908449] TCP established hash table entries: 8192 (order: 4, 65536 bytes)
[    0.918943] TCP bind hash table entries: 8192 (order: 5, 131072 bytes)
[    0.928237] TCP: Hash tables configured (established 8192 bind 8192)
[    0.937951] UDP hash table entries: 512 (order: 2, 16384 bytes)
[    0.950050] UDP-Lite hash table entries: 512 (order: 2, 16384 bytes)
[    0.964717] NET: Registered protocol family 1
[    0.971903] pci 0000:00:00.0: Limiting direct PCI/PCI transfers
[    0.980413] pci 0000:00:01.0: Activating ISA DMA hang workarounds
[    0.990167] pci 0000:00:02.0: Video device with shadowed ROM at [mem 0x000c0000-0x000dffff]
[    1.003368] Unpacking initramfs...
[    1.281305] Freeing initrd memory: 19208K
[    1.293791] clocksource: tsc: mask: 0xffffffffffffffff max_cycles: 0x22983777dd9, max_idle_ns: 440795300422 ns
[    1.309299] platform rtc_cmos: registered platform RTC device (no PNP device found)
[    1.320616] Scanning for low memory corruption every 60 seconds
[    1.329260] Initialise system trusted keyrings
[    1.341008] Key type blacklist registered
[    1.350865] workingset: timestamp_bits=36 max_order=18 bucket_order=0
[    1.365491] zbud: loaded
[    1.371080] squashfs: version 4.0 (2009/01/31) Phillip Lougher
[    1.380864] fuse init (API version 7.26)
[    1.398448] Key type asymmetric registered
[    1.411228] Asymmetric key parser 'x509' registered
[    1.428935] Block layer SCSI generic (bsg) driver version 0.4 loaded (major 246)
[    1.453965] io scheduler noop registered
[    1.462582] io scheduler deadline registered
[    1.473449] io scheduler cfq registered (default)
[    1.482229] ACPI: AC Adapter [AC] (on-line)
[    1.490633] input: Power Button as /devices/LNXSYSTM:00/LNXPWRBN:00/input/input0
[    1.508130] ACPI: Power Button [PWRF]
[    1.516633] input: Sleep Button as /devices/LNXSYSTM:00/LNXSLPBN:00/input/input1
[    1.530738] ACPI: Sleep Button [SLPF]
[    1.537741] Serial: 8250/16550 driver, 32 ports, IRQ sharing enabled
[    1.52746] 00:02 ttyS0 atI/O 0x3f8(irq  4, base_aud = 15200) isa 16550A
    1.602876] Linux agpgart interface v0.103
[    1.614486] loop: module loaded
[    1.624549] scsi host0: ata_piix
[    1.630626] scsi host1: ata_piix
[    1.637140] ata1: PATA max UDMA/33 cmd 0x1f0 ctl 0x3f6 bmdma 0xd000 irq 14
[    1.646635] ata2: PATA max UDMA/33 cmd 0x170 ctl 0x376 bmdma 0xd008 irq 15
[    1.659369] libphy: Fixed MDIO Bus: probed
[    1.665713] tun: Universal TUN/TAP device driver, 1.6
[    1.673931] PPP generic driver version 2.4.2
[    1.679789] ehci_hcd: USB 2.0 'Enhanced' Host Controller (EHCI) Driver
[    1.689805] ehci-pci: EHCI PCI platform driver
[    1.697475] ehci-platform: EHCI generic platform driver
[    1.706547] ohci_hcd: USB 1.1 'Open' Host Controller (OHCI) Driver
[    1.715851] ohci-pci: OHCI PCI platform driver
[    1.722241] ohci-platform: OHCI generic platform driver
[    1.729778] uhci_hcd: USB Universal Host Controller Interface driver
[    1.739777] i8042: PNP: PS/2 Controller [PNP0303:PS2K,PNP0f03:PS2M] at 0x60,0x64 irq 1,12
[    1.755058] serio: i8042 KBD port at 0x60,0x64 irq 1
[    1.761612] serio: i8042 AUX port at 0x60,0x64 irq 12
[    1.773657] mousedev: PS/2 mouse device common for all mice
[    1.782266] input: AT Translated Set 2 keyboard as /devices/platform/i8042/serio0/input/input2
[    1.795856] rtc_cmos rtc_cmos: rtc core: registered rtc_cmos as rtc0
[    1.807102] rtc_cmos rtc_cmos: alarms up to one day, 114 bytes nvram
[    1.820249] i2c /dev entries driver
[    1.856335] device-mapper: uevent: version 1.0.3
[    1.892630] device-mapper: ioctl: 4.37.0-ioctl (2017-09-20) initialised: dm-devel@redhat.com
[    1.906240] ledtrig-cpu: registered to indicate activity on CPUs
[    1.916326] NET: Registered protocol family 10
[    1.926836] Segment Routing with IPv6
[    1.933985] NET: Registered protocol family 17
[    1.941357] Key type dns_resolver registered
[    1.948091] mce: Using 0 MCE banks
[    1.954238] RAS: Correctable Errors collector initialized.
[    1.962130] sched_clock: Marking stable (1962036777, 0)->(3441388192, -1479351415)
[    1.973941] registered taskstats version 1
[    1.979498] Loading compiled-in X.509 certificates
[    1.990847] Loaded X.509 cert 'Build time autogenerated kernel key: 7480108fe56bba9284001dfb9078560125be4684'
[    2.006554] zswap: loaded using pool lzo/zbud
[    2.018017] Key type big_key registered
[    2.028003] Key type trusted registered
[    2.038375] Key type encrypted registered
[    2.044362] AppArmor: AppArmor sha1 policy hashing enabled
[    2.054366] ima: No TPM chip found, activating TPM-bypass! (rc=-19)
[    2.063445] ima: Allocated hash algorithm: sha1
[    2.069602] evm: HMAC attrs: 0x1
[    2.075345]   Magic number: 4:613:304
[    2.080506] tty tty33: hash matches
[    2.086743] rtc_cmos rtc_cmos: setting system clock to 2020-05-18 00:18:18 UTC (1589761098)
[    2.101846] BIOS EDD facility v0.16 2004-Jun-25, 0 devices found
[    2.112621] EDD information not available.
[    2.124291] Freeing unused kernel image memory: 2432K
[    2.136403] Write protecting the kernel read-only data: 20480k
[    2.146333] Freeing unused kernel image memory: 2008K
[    2.156887] Freeing unused kernel image memory: 1876K
[    2.170327] x86/mm: Checked W+X mappings: passed, no W+X pages found.
[    2.179193] x86/mm: Checking user space page tables
[    2.193571] x86/mm: Checked W+X mappings: passed, no W+X pages found.
Loading, please wait...
starting version 237
[    2.306153] e1000: Intel(R) PRO/1000 Network Driver - version 7.3.21-k8-NAPI
[    2.316458] e1000: Copyright (c) 1999-2006 Intel Corporation.
[    2.328843] Fusion MPT base driver 3.04.20
[    2.335635] Copyright (c) 1999-2008 LSI Corporation
[    2.377848] AVX2 version of gcm_enc/dec engaged.
[    2.385058] AES CTR mode by8 optimization enabled
[    2.410782] Fusion MPT SPI Host driver 3.04.20
[    2.588116] input: ImExPS/2 Generic Explorer Mouse as /devices/platform/i8042/serio1/input/input4
[    3.282068] e1000 0000:00:03.0 eth0: (PCI:33MHz:32-bit) 02:eb:10:d0:50:f8
[    3.293864] e1000 0000:00:03.0 eth0: Intel(R) PRO/1000 Network Connection
[    3.306279] mptbase: ioc0: Initiating bringup
[    3.410160] ioc0: LSI53C1030 A0: Capabilities={Initiator}
[    3.666795] scsi host2: ioc0: LSI53C1030 A0, FwRev=00000000h, Ports=1, MaxQ=256, IRQ=20
[    3.845291] scsi 2:0:0:0: Direct-Access     VBOX     HARDDISK         1.0  PQ: 0 ANSI: 5
[    3.866985] scsi target2:0:0: Beginning Domain Validation
[    3.879908] random: fast init done
[    3.895280] scsi target2:0:0: Domain Validation skipping write tests
[    3.907179] scsi target2:0:0: Ending Domain Validation
[    3.938620] scsi target2:0:0: asynchronous
[    3.988212] scsi 2:0:1:0: Direct-Access     VBOX     HARDDISK         1.0  PQ: 0 ANSI: 5
[    4.050572] scsi target2:0:1: Beginning Domain Validation
[    4.153733] scsi target2:0:1: Domain Validation skipping write tests
[    4.165318] scsi target2:0:1: Ending Domain Validation
[    4.188364] scsi target2:0:1: asynchronous
[    4.393337] sd 2:0:0:0: Attached scsi generic sg0 type 0
[    4.404102] sd 2:0:0:0: [sda] 20971520 512-byte logical blocks: (10.7 GB/10.0 GiB)
[    4.419101] random: systemd-udevd: uninitialized urandom read (16 bytes read)
[    4.430565] sd 2:0:1:0: Attached scsi generic sg1 type 0
[    4.444333] sd 2:0:0:0: [sda] Write Protect is off
[    4.455071] sd 2:0:1:0: [sdb] 20480 512-byte logical blocks: (10.5 MB/10.0 MiB)
[    4.480765] sd 2:0:1:0: [sdb] Write Protect is off
[    4.489819] sd 2:0:0:0: [sda] Incomplete mode parameter data
[    4.501239] sd 2:0:0:0: [sda] Assuming drive cache: write through
[    4.511948] random: systemd-udevd: uninitialized urandom read (16 bytes read)
[    4.539043] sd 2:0:1:0: [sdb] Incomplete mode parameter data
[    4.555781] sd 2:0:1:0: [sdb] Assuming drive cache: write through
[    4.569270] random: systemd-udevd: uninitialized urandom read (16 bytes read)
[    4.611221]  sda: sda1
[    4.622382] sd 2:0:0:0: [sda] Attached SCSI disk
[    4.635707] sd 2:0:1:0: [sdb] Attached SCSI disk
[    5.154251] e1000 0000:00:08.0 eth1: (PCI:33MHz:32-bit) 08:00:27:d9:5d:b9
[    5.166507] e1000 0000:00:08.0 eth1: Intel(R) PRO/1000 Network Connection
[    5.180770] e1000 0000:00:08.0 enp0s8: renamed from eth1
[    5.209214] e1000 0000:00:03.0 enp0s3: renamed from eth0
Begin: Loading essential drivers ... [    8.933084] raid6: sse2x1   gen() 30166 MB/s
[    9.168732] raid6: sse2x1   xor() 23630 MB/s
[    9.392912] raid6: sse2x2   gen() 36860 MB/s
[    9.609134] raid6: sse2x2   xor() 27610 MB/s
[    9.724739] raid6: sse2x4   gen() 28258 MB/s
[    9.948940] raid6: sse2x4   xor() 24381 MB/s
[   10.169845] raid6: avx2x1   gen() 35328 MB/s
[   10.400771] raid6: avx2x1   xor() 43274 MB/s
[   10.628906] raid6: avx2x2   gen() 80758 MB/s
[   10.744978] raid6: avx2x2   xor() 38280 MB/s
[   10.968702] raid6: avx2x4   gen() 79427 MB/s
[   11.196863] raid6: avx2x4   xor() 47219 MB/s
[   11.205238] raid6: using algorithm avx2x2 gen() 80758 MB/s
[   11.216023] raid6: .... xor() 38280 MB/s, rmw enabled
[   11.229023] raid6: using avx2x2 recovery algorithm
[   11.241015] xor: automatically using best checksumming function   avx       
[   11.255611] async_tx: api initialized (async)
done.
Begin: Running /scripts/init-premount ... done.
Begin: Mounting root file system ... Begin: Running /scripts/local-top ... done.
Begin: Running /scripts/local-premount ... [   11.346127] Btrfs loaded, crc32c=crc32c-intel
Scanning for Btrfs filesystems
done.
Warning: fsck not present, so skipping root file system
[   11.406101] EXT4-fs (sda1): mounted filesystem with ordered data mode. Opts: (null)
done.
Begin: Running /scripts/local-bottom ... done.
Begin: Running /scripts/init-bottom ... done.
[   11.710475] ip_tables: (C) 2000-2006 Netfilter Core Team
[   11.736252] systemd[1]: systemd 237 running in system mode. (+PAM +AUDIT +SELINUX +IMA +APPARMOR +SMACK +SYSVINIT +UTMP +LIBCRYPTSETUP +GCRYPT +GNUTLS +ACL +XZ +LZ4 +SECCOMP +BLKID +ELFUTILS +KMOD -IDN2 +IDN -PCRE2 default-hierarchy=hybrid)
[   11.766863] systemd[1]: Detected virtualization oracle.
[   11.774892] systemd[1]: Detected architecture x86-64.

Welcome to [1mUbuntu 18.04.4 LTS[0m!

[   11.791002] systemd[1]: Set hostname to <ubuntu>.
[   11.809122] systemd[1]: Initializing machine ID from random generator.
[   11.818518] systemd[1]: Installed transient /etc/machine-id file.
[   12.199933] systemd[1]: Reached target Swap.
[[0;32m  OK  [0m] Reached target Swap.
[   12.211527] systemd[1]: Reached target User and Group Name Lookups.
[[0;32m  OK  [0m] Reached target User and Group Name Lookups.
[   12.228182] systemd[1]: Set up automount Arbitrary Executable File Formats File System Automount Point.
[[0;32m  OK  [0m] Set up automount Arbitrary Executab…rmats File System Automount Point.
[   12.254981] systemd[1]: Created slice System Slice.
[[0;32m  OK  [0m] Created slice System Slice.
[[0;32m  OK  [0m] Listening on Device-mapper event daemon FIFOs.
[[0;32m  OK  [0m] Listening on Network Service Netlink Socket.
[[0;32m  OK  [0m] Listening on LVM2 metadata daemon socket.
[[0;32m  OK  [0m] Created slice system-serial\x2dgetty.slice.
[[0;32m  OK  [0m] Listening on Syslog Socket.
[[0;32m  OK  [0m] Listening on udev Control Socket.
[[0;32m  OK  [0m] Created slice User and Session Slice.
[[0;32m  OK  [0m] Listening on Journal Audit Socket.
[[0;32m  OK  [0m] Reached target Slices.
[[0;32m  OK  [0m] Listening on Journal Socket.
         Starting Monitoring of LVM2 mirrors…ng dmeventd or progress polling...
         Mounting Huge Pages File System...
         Starting Load Kernel Modules...
         Mounting POSIX Message Queue File System...
         Starting Set the console keyboard layout...
[[0;32m  OK  [0m] Listening on Journal Socket (/dev/log).
         Starting Uncomplicated firewall...
[[0;32m  OK  [0m] Listening on udev Kernel Socket.
         Starting udev Coldplug all Devices...
[[0;32m  OK  [0m] Listening on LVM2 poll daemon socket.
[[0;32m  OK  [0m] Listening on /dev/initctl Compatibility Named Pipe.
[[   12.452026] Loading iSCSI transport class v2.0-870.
[0;32m  OK  [0m] Started Forward Password Requests to Wall Directory Watch.
[   12.492501] iscsi: registered transport (tcp)
[   12.516472] iscsi: registered transport (iser)
         Starting Create list of required st…ce nodes for the current kernel...
         Starting Remount Root and Kernel File Systems...
         Starting Journal Service...
         Mounting Kernel Debug File System...
[[0;32m  OK  [0m] Reached target System Time Synchronized.
[[   12.584777] EXT4-fs (sda1): re-mounted. Opts: (null)
[0;32m  OK  [0m] Mounted Huge Pages File System.
[[0;32m  OK  [0m] Started Load Kernel Modules.
[[0;32m  OK  [0m] Mounted POSIX Message Queue File System.
[[0;32m  OK  [0m] Started Journal Service.
[[0;32m  OK  [0m] Started Uncomplicated firewall.
[[0;32m  OK  [0m] Started Create list of required sta…vice nodes for the current kernel.
[[0;32m  OK  [0m] Started Remount Root and Kernel File Systems.
[[0;32m  OK  [0m] Mounted Kernel Debug File System.
[[0;32m  OK  [0m] Started LVM2 metadata daemon.
[   12.730500] random: crng init done
[   12.736805] random: 7 urandom warning(s) missed due to ratelimiting
         Starting Load/Save Random Seed...
         Starting Create Static Device Nodes in /dev...
         Starting Flush Journal to Persistent Storage...
         Mounting FUSE Control File System...
         Starting Apply Kernel Variables...
         Mounting Kernel Configuration File System...
[[0;32m  OK  [0m] Started Set the console keyboard layout.
[[0;32m  OK  [0m] Started udev Coldplug all Devices.
[[0;32m  OK  [0m] Started Load/Save Random Seed.
[[0;32m  OK  [0m] Started Monitoring of LVM2 mirrors,…sing dmeventd or progress polling.
[[0;32m  OK  [0m] Started Create Static Device Nodes in /dev.
[[0;32m  OK  [0m] Mounted FUSE Control File System.
[[0;32m  OK  [0m] Mounted Kernel Configuration File System.
[[0;32m  OK  [0m] Started Apply Kernel Variables.
         Starting udev Kernel Device Manager...
[[0;32m  OK  [0m] Reached target Local File Systems (Pre).
[[0;32m  OK  [0m] Reached target Local File Systems.
         Starting Tell Plymouth To Write Out Runtime Data...
         Starting AppArmor initialization...
         Starting Commit a transient machine-id on disk...
         Starting ebtables ruleset management...
         Starting Set console font and keymap...
[[0;32m  OK  [0m] Started Flush Journal to Persistent Storage.
         Starting Create Volatile Files and Directories...
[[0;32m  OK  [0m] Started Tell Plymouth To Write Out Runtime Data.
[[0;32m  OK  [0m] Started Set console font and keymap.
[[0;32m  OK  [0m] Started Commit a transient machine-id on disk.
[[0;32m  OK  [0m] Started udev Kernel Device Manager.
[[0;32m  OK  [0m] Started Dispatch Password Requests to Console Directory Watch.
[[0;32m  OK  [0m] Reached target Local Encrypted Volumes.
[[0;32m  OK  [0m] Started Create Volatile Files and Directories.
         Starting Update UTMP about System Boot/Shutdown...
[[0;32m  OK  [0m] Started Update UTMP about System Boot/Shutdown.
[[0;32m  OK  [0m] Started ebtables ruleset management.
[[0;32m  OK  [0m] Found device /dev/ttyS0.
[[0;32m  OK  [0m] Listening on Load/Save RF Kill Switch Status /dev/rfkill Watch.
[[0;32m  OK  [0m] Started AppArmor initialization.
         Starting Initial cloud-init job (pre-networking)...
[   17.289047] cloud-init[537]: Cloud-init v. 19.4-33-gbb4131a2-0ubuntu1~18.04.1 running 'init-local' at Mon, 18 May 2020 00:18:33 +0000. Up 16.86 seconds.
[[0;32m  OK  [0m] Started Initial cloud-init job (pre-networking).
[[0;32m  OK  [0m] Reached target Network (Pre).
         Starting Network Service...
[[0;32m  OK  [0m] Started Network Service.
         Starting Network Name Resolution...
         Starting Wait for Network to be Configured...
[[0;32m  OK  [0m] Started Network Name Resolution.
[[0;32m  OK  [0m] Reached target Network.
[[0;32m  OK  [0m] Reached target Host and Network Name Lookups.
[[0;32m  OK  [0m] Started Wait for Network to be Configured.
         Starting Initial cloud-init job (metadata service crawler)...
[   20.313356] cloud-init[651]: Cloud-init v. 19.4-33-gbb4131a2-0ubuntu1~18.04.1 running 'init' at Mon, 18 May 2020 00:18:36 +0000. Up 20.10 seconds.
[   20.344256] cloud-init[651]: ci-info: ++++++++++++++++++++++++++++++++++++++Net device info+++++++++++++++++++++++++++++++++++++++
[   20.368747] cloud-init[651]: ci-info: +--------+-------+----------------------------+---------------+--------+-------------------+
[   20.389765] cloud-init[651]: ci-info: | Device |   Up  |          Address           |      Mask     | Scope  |     Hw-Address    |
[   20.408750] cloud-init[651]: ci-info: +--------+-------+----------------------------+---------------+--------+-------------------+
[   20.433752] cloud-init[651]: ci-info: | enp0s3 |  True |         10.0.2.15          | 255.255.255.0 | global | 02:eb:10:d0:50:f8 |
[   20.458637] cloud-init[651]: ci-info: | enp0s3 |  True | fe80::eb:10ff:fed0:50f8/64 |       .       |  link  | 02:eb:10:d0:50:f8 |
[   20.475568] cloud-init[651]: ci-info: | enp0s8 | False |             .              |       .       |   .    | 08:00:27:d9:5d:b9 |
[   20.493704] cloud-init[651]: ci-info: |   lo   |  True |         127.0.0.1          |   255.0.0.0   |  host  |         .         |
[   20.510527] cloud-init[651]: ci-info: |   lo   |  True |          ::1/128           |       .       |  host  |         .         |
[   20.534337] cloud-init[651]: ci-info: +--------+-------+----------------------------+---------------+--------+-------------------+
[   20.566121] cloud-init[651]: ci-info: ++++++++++++++++++++++++++++Route IPv4 info+++++++++++++++++++++++++++++
[   20.584426] cloud-init[651]: ci-info: +-------+-------------+----------+-----------------+-----------+-------+
[   20.599836] cloud-init[651]: ci-info: | Route | Destination | Gateway  |     Genmask     | Interface | Flags |
[   20.617271] cloud-init[651]: ci-info: +-------+-------------+----------+-----------------+-----------+-------+
[   20.637478] cloud-init[651]: ci-info: |   0   |   0.0.0.0   | 10.0.2.2 |     0.0.0.0     |   enp0s3  |   UG  |
[   20.663705] cloud-init[651]: ci-info: |   1   |   10.0.2.0  | 0.0.0.0  |  255.255.255.0  |   enp0s3  |   U   |
[   20.688340] cloud-init[651]: ci-info: |   2   |   10.0.2.2  | 0.0.0.0  | 255.255.255.255 |   enp0s3  |   UH  |
[   20.708853] cloud-init[651]: ci-info: +-------+-------------+----------+-----------------+-----------+-------+
[   20.729399] cloud-init[651]: ci-info: +++++++++++++++++++Route IPv6 info+++++++++++++++++++
[   20.747516] cloud-init[651]: ci-info: +-------+-------------+---------+-----------+-------+
[   20.764328] cloud-init[651]: ci-info: | Route | Destination | Gateway | Interface | Flags |
[   20.786156] cloud-init[651]: ci-info: +-------+-------------+---------+-----------+-------+
[   20.816347] cloud-init[651]: ci-info: |   1   |  fe80::/64  |    ::   |   enp0s3  |   U   |
[   20.837103] cloud-init[651]: ci-info: |   3   |    local    |    ::   |   enp0s3  |   U   |
[   20.849388] cloud-init[651]: ci-info: |   4   |   ff00::/8  |    ::   |   enp0s3  |   U   |
[   20.882641] cloud-init[651]: ci-info: +-------+-------------+---------+-----------+-------+
[   21.494506] cloud-init[651]: Generating public/private rsa key pair.
[   21.556589] cloud-init[651]: Your identification has been saved in /etc/ssh/ssh_host_rsa_key.
[   21.566575] cloud-init[651]: Your public key has been saved in /etc/ssh/ssh_host_rsa_key.pub.
[   21.580575] cloud-init[651]: The key fingerprint is:
[   21.587106] cloud-init[651]: SHA256:/R0FLE/R0p9y1QlWwRlKzWaeJ2i2zV0Qm0JVUKNYik0 root@ubuntu-bionic
[   21.598161] cloud-init[651]: The key's randomart image is:
[   21.606588] cloud-init[651]: +---[RSA 2048]----+
[   21.611698] [[0;32m  OK  [0m] cloud-init[651]: |           E.B%&O|
Started Initial cloud-init job (metadata service crawler).[   21.625382] cloud-init[651]: 
[[0;32m  OK  [0m] Reached target Cloud-config availability.
[[0;32m  OK  [0m] Reached target System Initialization.
[[0;32m  OK  [0m|          +.B B%*|
[   21.643284] ] Started Daily Cleanup of Temporary Directories.
[cloud-init[651]: |         . +.B*o*|
[0;32m  OK  [0m] Started Discard unused blocks once a week.
         Starting LXD - unix socket.
[[0;32m  OK  [0m] Listening on D-Bus System Message Bus Socket.
[   21.675913] cloud-init[651]: |         .  +oo*+|
[   21.689819] cloud-init[651]: |        S .o ++oo|
[[   21.698431] cloud-init[651]: [0;32m  OK  [0m] Listening on ACPID Listen Socket.|           ...o..|
         
[   21.714940] Starting Socket activation for snappy daemon.
cloud-init[[0;32m  OK  [0m] Started ACPI Events Check.[651]: |            . .  |
[   21.730985] cloud-init[651]: |                 |
[   21.731211] cloud-init[651]: |                 |
[   21.731302] cloud-init[651]: +----[SHA256]-----+
[   21.731372] cloud-init[651]: Generating public/private dsa key pair.
[   21.731431] cloud-init[651]: Your identification has been saved in /etc/ssh/ssh_host_dsa_key.
[   21.731475] cloud-init[651]: Your public key has been saved in /etc/ssh/ssh_host_dsa_key.pub.
[   21.731568] cloud-init[651]: The key fingerprint is:
[   21.731611] cloud-init[651]: SHA256:xdWcuI9nmIU2VVUZprPI8SAbKDWd0ew5OX4UDQudWuM root@ubuntu-bionic
[   21.731652] cloud-init[651]: The key's randomart image is:
[   21.731689] cloud-init[651]: +---[DSA 1024]----+
[   21.731730] cloud-init[651]: |       o..=.o=+=O|
[   21.731769] cloud-init[651]: |      . o+ +o*Oo |
[   21.731814] cloud-init[651]: |     . . o+o*Bo  |
[   21.731856] cloud-init[651]: |      .  .=BXE+  |
[   21.731896] cloud-init[651]: |        S..++X   |
[   21.731934] cloud-init[651]: |           .+.+  |
[   21.731971] cloud-init[651]: |            .o   |
[   21.732067] cloud-init[651]: |                 |
[   21.732119] cloud-init[651]: |                 |
[   21.732159] cloud-init[651]: +----[SHA256]-----+
[   21.732203] cloud-init[651]: Generating public/private ecdsa key pair.
[   21.732243] cloud-init[651]: Your identification has been saved in /etc/ssh/ssh_host_ecdsa_key.
[   21.732285] cloud-init[651]: Your public key has been saved in /etc/ssh/ssh_host_ecdsa_key.pub.
[   21.732326] cloud-init[651]: The key fingerprint is:
[   21.732365] cloud-init[651]: SHA256:U5PUxDp2Ny/KChXSnIVcSESBDkio9KufuROYhMZBTYw root@ubuntu-bionic
[   21.732409] cloud-init[651]: The key's randomart image is:
[   21.732448] cloud-init[651]: +---[ECDSA 256]---+
[   21.732561] cloud-init[651]: |..=+..   **O+    |
[   21.732623] cloud-init[651]: | E.o. . .+++o    |
[   21.732676] cloud-init[651]: |+.o    o. O.     |
[   21.732717] cloud-init[651]: |o+ .    .o+o. o  |
[   21.732756] cloud-init[651]: |o o .   S..o . o |
[   21.732797] cloud-init[651]: | o o     o    . .|
[   21.732841] cloud-init[651]: |  . .   .  . . . |
[   21.732884] cloud-init[651]: | . .o    .  o    |
[   21.732922] cloud-init[651]: |  .=o     ..     |
[   21.732963] cloud-init[651]: +----[SHA256]-----+
[   21.733054] cloud-init[651]: Generating public/private ed25519 key pair.
[   21.733107] cloud-init[651]: Your identification has been saved in /etc/ssh/ssh_host_ed25519_key.
[   21.733146] cloud-init[651]: Your public key has been saved in /etc/ssh/ssh_host_ed25519_key.pub.
[   21.733187] cloud-init[651]: The key fingerprint is:
[   21.733226] cloud-init[651]: SHA256:eJqz39Gg5q1KKs6iuB32GCGOtbNBIbQKMSCPXjWSdrk root@ubuntu-bionic
[   21.733268] cloud-init[651]: The key's randomart image is:
[   21.733307] cloud-init[651]: +--[ED25519 256]--+
[   21.733349] cloud-init[651]: |*. ..o.          |
[   21.733391] cloud-init[651]: |o=.ooo.          |
[   21.733435] cloud-init[651]: |+.+.. .          |
[   21.733473] cloud-init[651]: |+... E .         |
[   21.733594] cloud-init[651]: |o.+   . S .      |
[   21.733640] cloud-init[651]: |o+ o   + . o     |
[   21.733680] cloud-init[651]: |..B   = o . .    |
[   21.733718] cloud-init[651]: |o+.O o = o .     |
[   21.733790] cloud-init[651]: |=+*.o oo+.o      |

[[0;32m  OK  [0m] Started Message of the Day.
[[0;32m  OK  [0m] Started Daily apt download activities.
[[0;32m  OK  [0m] Reached target Paths.[   22.005106] cloud-init[651]: 
[[0;32m  OK  [0m+----[SHA256]-----+
] Started Daily apt upgrade and clean activities.
[[0;32m  OK  [0m] Listening on UUID daemon activation socket.
[[0;32m  OK  [0m] Listening on Open-iSCSI iscsid Socket.
[[0;32m  OK  [0m] Reached target Timers.
[[0;32m  OK  [0m] Reached target Network is Online.
[[0;32m  OK  [0m] Reached target Remote File Systems (Pre).
[[0;32m  OK  [0m] Reached target Remote File Systems.
         Starting Availability of block devices...
[[0;32m  OK  [0m] Listening on LXD - unix socket.
[[0;32m  OK  [0m] Listening on Socket activation for snappy daemon.
[[0;32m  OK  [0m] Started Availability of block devices.
[[0;32m  OK  [0m] Reached target Sockets.
[[0;32m  OK  [0m] Reached target Basic System.
[[0;32m  OK  [0m] Started D-Bus System Message Bus.
         Starting LSB: automatic crash report generation...
         Starting Login Service...
[[0;32m  OK  [0m] Started FUSE filesystem for LXC.
         Starting Pollinate to seed the pseudo random number generator...
[[0;32m  OK  [0m] Started irqbalance daemon.
         Starting Virtualbox guest utils...
         Starting System Logging Service...
         Starting Permit User Sessions...
         Starting Dispatcher daemon for systemd-networkd...
         Starting LSB: Record successful boot for GRUB...
[[0;32m  OK  [0m] Started Regular background program processing daemon.
         Starting Accounts Service...
[[0;32m  OK  [0m] Started Deferred execution scheduler.
         Starting Snappy daemon...
         Starting LXD - container startup/shutdown...
[[0;32m  OK  [0m] Started System Logging Service.
[[0;32m  OK  [0m] Started Permit User Sessions.
[[0;32m  OK  [0m] Started Login Service.
[[0;32m  OK  [0m] Started Unattended Upgrades Shutdown.
         Starting Terminate Plymouth Boot Screen...
         Starting Hold until boot process finishes up...
[[0;32m  OK  [0m] Started Dispatcher daemon for systemd-networkd.
[[0;32m  OK  [0m] Started Terminate Plymouth Boot Screen.
[[0;32m  OK  [0m] Started Hold until boot process finishes up.
[[0;32m  OK  [0m] Started Serial Getty on ttyS0.
         Starting Set console scheme...
         Starting Authorization Manager...
[[0;32m  OK  [0m] Started Set console scheme.
[[0;32m  OK  [0m] Started LSB: automatic crash report generation.
[[0;32m  OK  [0m] Created slice system-getty.slice.
[[0;32m  OK  [0m] Started Getty on tty1.
[[0;32m  OK  [0m] Reached target Login Prompts.
[[0;32m  OK  [0m] Started LSB: Record successful boot for GRUB.
[[0;32m  OK  [0m] Started Authorization Manager.
[[0;32m  OK  [0m] Started Accounts Service.
[[0;32m  OK  [0m] Started Virtualbox guest utils.
[[0;32m  OK  [0m] Started LXD - container startup/shutdown.
[[0;32m  OK  [0m] Started Snappy daemon.
         Starting Wait until snapd is fully seeded...
[[0;32m  OK  [0m] Started Pollinate to seed the pseudo random number generator.
         Starting OpenBSD Secure Shell server...
[[0;32m  OK  [0m] Started OpenBSD Secure Shell server.
[[0;32m  OK  [0m] Created slice User Slice of vagrant.
[[0;32m  OK  [0m] Started Session 1 of user vagrant.
         Starting User Manager for UID 1000...
[[0;32m  OK  [0m] Started User Manager for UID 1000.
[[0;32m  OK  [0m] Started Wait until snapd is fully seeded.
         Starting Apply the settings specified in cloud-config...
[[0;32m  OK  [0m] Reached target Multi-User System.
[[0;32m  OK  [0m] Reached target Graphical Interface.
         Starting Update UTMP about System Runlevel Changes...
[[0;32m  OK  [0m] Started Update UTMP about System Runlevel Changes.
[   26.410037] cloud-init[1191]: Cloud-init v. 19.4-33-gbb4131a2-0ubuntu1~18.04.1 running 'modules:config' at Mon, 18 May 2020 00:18:42 +0000. Up 25.68 seconds.
[[0;32m  OK  [0m] Started Apply the settings specified in cloud-config.
         Starting Execute cloud user/final scripts...
ci-info: no authorized SSH keys fingerprints found for user ubuntu.
<14>May 18 00:18:43 ec2: 
<14>May 18 00:18:43 ec2: #############################################################
<14>May 18 00:18:43 ec2: -----BEGIN SSH HOST KEY FINGERPRINTS-----
<14>May 18 00:18:43 ec2: 1024 SHA256:xdWcuI9nmIU2VVUZprPI8SAbKDWd0ew5OX4UDQudWuM root@ubuntu-bionic (DSA)
<14>May 18 00:18:43 ec2: 256 SHA256:U5PUxDp2Ny/KChXSnIVcSESBDkio9KufuROYhMZBTYw root@ubuntu-bionic (ECDSA)
<14>May 18 00:18:43 ec2: 256 SHA256:eJqz39Gg5q1KKs6iuB32GCGOtbNBIbQKMSCPXjWSdrk root@ubuntu-bionic (ED25519)
<14>May 18 00:18:43 ec2: 2048 SHA256:/R0FLE/R0p9y1QlWwRlKzWaeJ2i2zV0Qm0JVUKNYik0 root@ubuntu-bionic (RSA)
<14>May 18 00:18:43 ec2: -----END SSH HOST KEY FINGERPRINTS-----
<14>May 18 00:18:43 ec2: #############################################################
-----BEGIN SSH HOST KEY KEYS-----
ecdsa-sha2-nistp256 AAAAE2VjZHNhLXNoYTItbmlzdHAyNTYAAAAIbmlzdHAyNTYAAABBBCiVIQwV9bmatkckav9WQMYvGchBYnSlK41M1zEUbIBlTiSNEyJ7R05sinOEFFtG2lQRagJMN/spVE+twz/dFTE= root@ubuntu-bionic
ssh-ed25519 AAAAC3NzaC1lZDI1NTE5AAAAIIVceAqvt3vQynKM67baCLQm2bstuZHVhiuk6wc3HFbj root@ubuntu-bionic
ssh-rsa AAAAB3NzaC1yc2EAAAADAQABAAABAQC4nm8HFGFrYC5fsw/MFKsdxZBtmN+mwZ9Ciu2+JQXNvvd9sbMgHALC/Hc6loc6hRQzv09hmqoT3qAFPb4V73SWiDwFK7nhjlmoMp83nAqSfx8KsBsSV6b/UxctJgrhlDiOVfH1mVsIg68JMjl21TlndWo2VeOyr5lWBs1JqbeZyajYVRJ8K/lA6spLCa7+7ndTTpUob5Lvc/LRrdq/XGMWxMrt9VnmgGK7GJ9RaParJH5GLTjJ9xfLhTexShB9T395anUitDlMRXhFvr58e0braTkBeVRFfIa3QRQ05XKb1bnSU83JrCuMRzF4dAfmvd/ViOZpeab/wHqycCvl7Bs9 root@ubuntu-bionic
-----END SSH HOST KEY KEYS-----
[   27.496778] cloud-init[1273]: Cloud-init v. 19.4-33-gbb4131a2-0ubuntu1~18.04.1 running 'modules:final' at Mon, 18 May 2020 00:18:43 +0000. Up 27.06 seconds.
[   27.591237] cloud-init[1273]: ci-info: no authorized SSH keys fingerprints found for user ubuntu.
[   27.613621] cloud-init[1273]: Cloud-init v. 19.4-33-gbb4131a2-0ubuntu1~18.04.1 finished at Mon, 18 May 2020 00:18:43 +0000. Datasource DataSourceNoCloud [seed=/dev/sdb][dsmode=net].  Up 27.48 seconds
[[0;32m  OK  [0m] Started Execute cloud user/final scripts.
[[0;32m  OK  [0m] Reached target Cloud-init target.

Ubuntu 18.04.4 LTS ubuntu-bionic ttyS0

ubuntu-bionic login: 